  WindowProperties.cpp
  GUIWindow.cpp
x:\projekti\killswitch\killswitch\core\gui\guiwindow.cpp(50): warning C4244: '=': conversion from 'float' to 'int', possible loss of data
x:\projekti\killswitch\killswitch\core\gui\guiwindow.cpp(51): warning C4244: '=': conversion from 'float' to 'int', possible loss of data
x:\projekti\killswitch\killswitch\core\gui\guiwindow.cpp(60): warning C4244: '=': conversion from 'float' to 'int', possible loss of data
x:\projekti\killswitch\killswitch\core\gui\guiwindow.cpp(61): warning C4244: '=': conversion from 'float' to 'int', possible loss of data
x:\projekti\killswitch\killswitch\core\gui\guiwindow.cpp(73): warning C4244: 'argument': conversion from 'int' to 'float', possible loss of data
x:\projekti\killswitch\killswitch\core\gui\guiwindow.cpp(74): warning C4244: 'argument': conversion from 'int' to 'float', possible loss of data
  GameClock.cpp
  Texture.cpp
  stb_image.cpp
  Sprite.cpp
  ShaderLoader.cpp
  imgui_impl_glfw_gl3.cpp
  imgui_draw.cpp
  imgui_demo.cpp
  imgui.cpp
  App.cpp
  Generating Code...
LINK : warning LNK4098: defaultlib 'MSVCRT' conflicts with use of other libs; use /NODEFAULTLIB:library
LINK : warning LNK4098: defaultlib 'LIBCMT' conflicts with use of other libs; use /NODEFAULTLIB:library
glew32s.lib(glew.obj) : warning LNK4099: PDB 'vc120.pdb' was not found with 'glew32s.lib(glew.obj)' or at 'X:\Projekti\Killswitch\Debug\vc120.pdb'; linking object as if no debug info
  Killswitch.vcxproj -> X:\Projekti\Killswitch\Debug\Killswitch.exe
